Removed Pin From Net: NetName=VCC_3V3 Pin=C6-1
Removed Pin From Net: NetName=GND Pin=C6-2
Removed Pin From Net: NetName=GND Pin=C8-2
Removed Pin From Net: NetName=GND Pin=C9-1
Removed Pin From Net: NetName=GND Pin=C10-1
Removed Pin From Net: NetName=VCC_3V3 Pin=C10-2
Removed Pin From Net: NetName=GPIO32 Pin=J1-2
Removed Pin From Net: NetName=GPIO33 Pin=J2-2
Removed Pin From Net: NetName=GPIO5 Pin=J3-2
Removed Pin From Net: NetName=GPIO4 Pin=J4-2
Removed Pin From Net: NetName=GND Pin=U3-1
Removed Pin From Net: NetName=VCC_3V3 Pin=U3-8
Removed Pin From Net: NetName=GND Pin=U3-9
Removed Pin From Net: NetName=GND Pin=U3-11
Removed Pin From Net: NetName=VCC_3V3 Pin=U3-13
Removed Pin From Net: NetName=GND Pin=U3-18
Removed Pin From Net: NetName=GND Pin=U4-49
Removed Pin From Net: NetName=GND Pin=U5-2
Removed Pin From Net: NetName=VCC_3V3 Pin=U5-3
Removed Member From Class: ClassName=Main Member=C6
Removed Member From Class: ClassName=Main Member=C8
Removed Member From Class: ClassName=Main Member=C9
Removed Member From Class: ClassName=Main Member=C10
Removed Member From Class: ClassName=Main Member=J1
Removed Member From Class: ClassName=Main Member=J2
Removed Member From Class: ClassName=Main Member=J3
Removed Member From Class: ClassName=Main Member=J4
Removed Member From Class: ClassName=Main Member=J5
Removed Member From Class: ClassName=Main Member=P1
Removed Member From Class: ClassName=Main Member=R15
Removed Member From Class: ClassName=Main Member=U3
Removed Member From Class: ClassName=Main Member=U5
