Removed Pin From Net: NetName=GND Pin=K2-1
Removed Pin From Net: NetName=GPIO14 Pin=K2-2
Removed Pin From Net: NetName=GND Pin=K2-3
Removed Pin From Net: NetName=GPIO14 Pin=K2-4
Removed Pin From Net: NetName=SENSOR_VP Pin=P2-1
Removed Pin From Net: NetName=GPIO37 Pin=P2-2
Removed Pin From Net: NetName=OLED_SDA Pin=P2-3
Removed Pin From Net: NetName=OLED_SCL Pin=P2-4
Removed Pin From Net: NetName=VCC_3V3 Pin=P2-5
Removed Pin From Net: NetName=GND Pin=P2-6
Removed Pin From Net: NetName=GPIO12 Pin=P2-7
Removed Pin From Net: NetName=GPIO5 Pin=P2-8
Removed Pin From Net: NetName=GPIO2 Pin=P2-9
Removed Pin From Net: NetName=GPIO0 Pin=P2-10
Removed Pin From Net: NetName=VCC_3V3 Pin=P2-11
Removed Pin From Net: NetName=VBUS Pin=P2-12
Removed Pin From Net: NetName=GPIO26 Pin=P3-1
Removed Pin From Net: NetName=GPIO25 Pin=P3-2
Removed Pin From Net: NetName=GPIO23 Pin=P3-3
Removed Pin From Net: NetName=GPIO22 Pin=P3-4
Removed Pin From Net: NetName=GPIO21 Pin=P3-5
Removed Pin From Net: NetName=GPIO19 Pin=P3-6
Removed Pin From Net: NetName=GPIO18 Pin=P3-7
Removed Pin From Net: NetName=GPIO10 Pin=P3-8
Removed Pin From Net: NetName=GPIO9 Pin=P3-9
Removed Pin From Net: NetName=GPIO33 Pin=P3-10
Removed Pin From Net: NetName=GPIO32 Pin=P3-11
Removed Pin From Net: NetName=GPIO27 Pin=P3-12
Removed Pin From Net: NetName=GPIO15 Pin=P3-13
Removed Pin From Net: NetName=GPIO14 Pin=P3-14
Removed Pin From Net: NetName=CP_Tx Pin=P3-15
Removed Pin From Net: NetName=CP_Rx Pin=P3-16
Removed Pin From Net: NetName=VCC_3V3 Pin=P3-17
Removed Pin From Net: NetName=GND Pin=P3-18
Removed Pin From Net: NetName=GND Pin=U4-49
Added Component: Designator=JP1(MHDR1X4)
Add component. Clean all parameters for all variants
Add component (AddParameter): Name = "LatestRevisionDate"; Value = "17-Jul-2002"; VariantName = "[No Variations]"
Add component (AddParameter): Name = "LatestRevisionNote"; Value = "Re-released for DXP Platform."; VariantName = "[No Variations]"
Add component (AddParameter): Name = "Publisher"; Value = "Altium Limited"; VariantName = "[No Variations]"
Added Component: Designator=JP2(MHDR1X4)
Add component. Clean all parameters for all variants
Add component (AddParameter): Name = "LatestRevisionDate"; Value = "17-Jul-2002"; VariantName = "[No Variations]"
Add component (AddParameter): Name = "LatestRevisionNote"; Value = "Re-released for DXP Platform."; VariantName = "[No Variations]"
Add component (AddParameter): Name = "Publisher"; Value = "Altium Limited"; VariantName = "[No Variations]"
Added Pin To Net: NetName=GND Pin=JP1-1
Added Pin To Net: NetName=VCC_3V3 Pin=JP1-2
Added Pin To Net: NetName=OLED_SCL Pin=JP1-3
Added Pin To Net: NetName=OLED_SDA Pin=JP1-4
Added Pin To Net: NetName=GND Pin=JP2-1
Added Pin To Net: NetName=VCC_3V3 Pin=JP2-2
Added Pin To Net: NetName=CP_Rx Pin=JP2-3
Added Pin To Net: NetName=CP_Tx Pin=JP2-4
Added Class: Name=Main_EDA
