Removed Pin From Net: NetName=GPIO22 Pin=RP1-5
Removed Pin From Net: NetName=GPIO21 Pin=RP1-6
Removed Pin From Net: NetName=GND Pin=U4-49
Added Component: Designator=U3(SW-SMD_8P-L11.1-W6.2-P2.54-LS9.8)
Add component. Clean all parameters for all variants
Add component (AddParameter): Name = "Code_IPC"; Value = "SOIC127P600-8"; VariantName = "[No Variations]"
Add component (AddParameter): Name = "Code_JEDEC"; Value = "MS-012-AA"; VariantName = "[No Variations]"
Add component (AddParameter): Name = "LatestRevisionDate"; Value = "29-May-2009"; VariantName = "[No Variations]"
Add component (AddParameter): Name = "LatestRevisionNote"; Value = "IPC-7351 Footprint Added."; VariantName = "[No Variations]"
Add component (AddParameter): Name = "PackageDescription"; Value = "8-Pin Small Outline Integrated Circuit 1.27 mm Pitch"; VariantName = "[No Variations]"
Add component (AddParameter): Name = "PackageReference"; Value = "SO8"; VariantName = "[No Variations]"
Add component (AddParameter): Name = "PackageVersion"; Value = "Dec-2002"; VariantName = "[No Variations]"
Add component (AddParameter): Name = "Published"; Value = "24-Mar-1999"; VariantName = "[No Variations]"
Add component (AddParameter): Name = "Publisher"; Value = "Altium Limited"; VariantName = "[No Variations]"
Added Component: Designator=U5(SW-SMD_8P-L11.1-W6.2-P2.54-LS9.8)
Add component. Clean all parameters for all variants
Add component (AddParameter): Name = "Code_IPC"; Value = "SOIC127P600-8"; VariantName = "[No Variations]"
Add component (AddParameter): Name = "Code_JEDEC"; Value = "MS-012-AA"; VariantName = "[No Variations]"
Add component (AddParameter): Name = "LatestRevisionDate"; Value = "29-May-2009"; VariantName = "[No Variations]"
Add component (AddParameter): Name = "LatestRevisionNote"; Value = "IPC-7351 Footprint Added."; VariantName = "[No Variations]"
Add component (AddParameter): Name = "PackageDescription"; Value = "8-Pin Small Outline Integrated Circuit 1.27 mm Pitch"; VariantName = "[No Variations]"
Add component (AddParameter): Name = "PackageReference"; Value = "SO8"; VariantName = "[No Variations]"
Add component (AddParameter): Name = "PackageVersion"; Value = "Dec-2002"; VariantName = "[No Variations]"
Add component (AddParameter): Name = "Published"; Value = "24-Mar-1999"; VariantName = "[No Variations]"
Add component (AddParameter): Name = "Publisher"; Value = "Altium Limited"; VariantName = "[No Variations]"
Added Pin To Net: NetName=GPIO33 Pin=RP1-5
Added Pin To Net: NetName=GPIO32 Pin=RP1-6
Added Pin To Net: NetName=VCC_3V3 Pin=U3-1
Added Pin To Net: NetName=VCC_3V3 Pin=U3-2
Added Pin To Net: NetName=VCC_3V3 Pin=U3-3
Added Pin To Net: NetName=VCC_3V3 Pin=U3-4
Added Pin To Net: NetName=NetRP1_4 Pin=U3-5
Added Pin To Net: NetName=NetRP1_3 Pin=U3-6
Added Pin To Net: NetName=NetRP1_2 Pin=U3-7
Added Pin To Net: NetName=NetRP1_1 Pin=U3-8
Added Pin To Net: NetName=VCC_3V3 Pin=U5-1
Added Pin To Net: NetName=VCC_3V3 Pin=U5-2
Added Pin To Net: NetName=VCC_3V3 Pin=U5-3
Added Pin To Net: NetName=VCC_3V3 Pin=U5-4
Added Pin To Net: NetName=NetRP3_4 Pin=U5-5
Added Pin To Net: NetName=NetRP3_3 Pin=U5-6
Added Pin To Net: NetName=NetRP3_2 Pin=U5-7
Added Pin To Net: NetName=NetRP3_1 Pin=U5-8
Added Member To Class: ClassName=Main Member=Component U3 DM-04-V
Added Member To Class: ClassName=Main Member=Component U5 DM-04-V
